current directory: C:/Users/p_h_m/Documents/phmehta95.github.io/.bundle/ruby/3.4.0/gems/json-2.13.0/ext/json/ext/parser
C:/Ruby34-x64/bin/ruby.exe extconf.rb
checking for rb_enc_interned_str() in ruby/encoding.h... yes
checking for rb_hash_new_capa() in ruby.h... yes
checking for rb_hash_bulk_insert() in ruby.h... yes
checking for strnlen() in string.h... yes
checking for whether -std=c99 is accepted as CFLAGS... yes
checking for x86intrin.h... yes
checking for cpuid.h... yes
creating Makefile

current directory: C:/Users/p_h_m/Documents/phmehta95.github.io/.bundle/ruby/3.4.0/gems/json-2.13.0/ext/json/ext/parser
make DESTDIR\= sitearchdir\=./.gem.20250723-21440-hdw0dy sitelibdir\=./.gem.20250723-21440-hdw0dy clean

current directory: C:/Users/p_h_m/Documents/phmehta95.github.io/.bundle/ruby/3.4.0/gems/json-2.13.0/ext/json/ext/parser
make DESTDIR\= sitearchdir\=./.gem.20250723-21440-hdw0dy sitelibdir\=./.gem.20250723-21440-hdw0dy
generating parser-x64-mingw-ucrt.def
compiling parser.c
linking shared-object json/ext/parser.so

current directory: C:/Users/p_h_m/Documents/phmehta95.github.io/.bundle/ruby/3.4.0/gems/json-2.13.0/ext/json/ext/parser
make DESTDIR\= sitearchdir\=./.gem.20250723-21440-hdw0dy sitelibdir\=./.gem.20250723-21440-hdw0dy install
/usr/bin/install -c -m 0755 parser.so ./.gem.20250723-21440-hdw0dy/json/ext

current directory: C:/Users/p_h_m/Documents/phmehta95.github.io/.bundle/ruby/3.4.0/gems/json-2.13.0/ext/json/ext/parser
make DESTDIR\= sitearchdir\=./.gem.20250723-21440-hdw0dy sitelibdir\=./.gem.20250723-21440-hdw0dy clean
