current directory: C:/Users/p_h_m/Documents/phmehta95.github.io/.bundle/ruby/3.4.0/gems/wdm-0.2.0/ext/wdm
C:/Ruby34-x64/bin/ruby.exe extconf.rb
checking for -lkernel32... yes
checking for windows.h... yes
creating Makefile

current directory: C:/Users/p_h_m/Documents/phmehta95.github.io/.bundle/ruby/3.4.0/gems/wdm-0.2.0/ext/wdm
make DESTDIR\= sitearchdir\=./.gem.20250723-21440-kht6rw sitelibdir\=./.gem.20250723-21440-kht6rw clean

current directory: C:/Users/p_h_m/Documents/phmehta95.github.io/.bundle/ruby/3.4.0/gems/wdm-0.2.0/ext/wdm
make DESTDIR\= sitearchdir\=./.gem.20250723-21440-kht6rw sitelibdir\=./.gem.20250723-21440-kht6rw
generating wdm_ext-x64-mingw-ucrt.def
compiling entry.c
compiling memory.c
compiling monitor.c
compiling queue.c
compiling rb_change.c
compiling rb_monitor.c
compiling utils.c
compiling wdm.c
linking shared-object wdm_ext.so

current directory: C:/Users/p_h_m/Documents/phmehta95.github.io/.bundle/ruby/3.4.0/gems/wdm-0.2.0/ext/wdm
make DESTDIR\= sitearchdir\=./.gem.20250723-21440-kht6rw sitelibdir\=./.gem.20250723-21440-kht6rw install
/usr/bin/install -c -m 0755 wdm_ext.so ./.gem.20250723-21440-kht6rw

current directory: C:/Users/p_h_m/Documents/phmehta95.github.io/.bundle/ruby/3.4.0/gems/wdm-0.2.0/ext/wdm
make DESTDIR\= sitearchdir\=./.gem.20250723-21440-kht6rw sitelibdir\=./.gem.20250723-21440-kht6rw clean
